<?xml version="1.0" encoding="UTF-8"?>
<testsuite name="com.bridgelbaz.addressbooktest.AddressBookTest" tests="1" skipped="0" failures="0" errors="0" timestamp="2021-04-20T01:46:46" hostname="LAPTOP-VA1S61KV" time="0.05">
  <properties/>
  <testcase name="whenNewAddressBookCreated_ShouldReturn_true()" classname="com.bridgelbaz.addressbooktest.AddressBookTest" time="0.05"/>
  <system-out><![CDATA[{Friends=[]}
]]></system-out>
  <system-err><![CDATA[]]></system-err>
</testsuite>
