<?xml version="1.0" encoding="UTF-8"?>
<testsuite name="com.bridgelbaz.addressbooktest.AddressBookTest" tests="1" skipped="0" failures="0" errors="0" timestamp="2021-04-19T06:04:46" hostname="LAPTOP-VA1S61KV" time="0.026">
  <properties/>
  <testcase name="givenContactName_whenDeleted_ShouldReturn_true()" classname="com.bridgelbaz.addressbooktest.AddressBookTest" time="0.026"/>
  <system-out><![CDATA[Contact deleted with name : Samiksha
[]
]]></system-out>
  <system-err><![CDATA[]]></system-err>
</testsuite>
